#-----------------------------------------------------------
# Vivado v2018.3 (64-bit)
# SW Build 2405991 on Thu Dec  6 23:38:27 MST 2018
# IP Build 2404404 on Fri Dec  7 01:43:56 MST 2018
# Start of session at: Wed Jun  2 19:03:54 2021
# Process ID: 10320
# Current directory: C:/Users/Abraham/Documents/GitHub/arquitectura/P9
# Command line: vivado.exe -gui_launcher_event rodinguilauncherevent8132 C:\Users\Abraham\Documents\GitHub\arquitectura\P9\ASM.xpr
# Log file: C:/Users/Abraham/Documents/GitHub/arquitectura/P9/vivado.log
# Journal file: C:/Users/Abraham/Documents/GitHub/arquitectura/P9\vivado.jou
#-----------------------------------------------------------
start_gui
open_project C:/Users/Abraham/Documents/GitHub/arquitectura/P9/ASM.xpr
Scanning sources...
Finished scanning sources
INFO: [IP_Flow 19-234] Refreshing IP repositories
INFO: [IP_Flow 19-1704] No user IP repositories specified
INFO: [IP_Flow 19-2313] Loaded Vivado IP repository 'C:/Xilinx/Vivado/2018.3/data/ip'.
open_project: Time (s): cpu = 00:00:14 ; elapsed = 00:00:07 . Memory (MB): peak = 668.793 ; gain = 77.793
update_compile_order -fileset sources_1
launch_simulation
INFO: [Vivado 12-5682] Launching behavioral simulation in 'C:/Users/Abraham/Documents/GitHub/arquitectura/P9/ASM.sim/sim_1/behav/xsim'
INFO: [SIM-utils-51] Simulation object is 'sim_1'
INFO: [SIM-utils-54] Inspecting design source files for 'test_asm' in fileset 'sim_1'...
INFO: [USF-XSim-97] Finding global include files...
INFO: [USF-XSim-98] Fetching design files from 'sim_1'...
INFO: [USF-XSim-2] XSim::Compile design
INFO: [USF-XSim-61] Executing 'COMPILE and ANALYZE' step in 'C:/Users/Abraham/Documents/GitHub/arquitectura/P9/ASM.sim/sim_1/behav/xsim'
"xvhdl --incr --relax -prj test_asm_vhdl.prj"
INFO: [VRFC 10-163] Analyzing VHDL file "C:/Users/Abraham/Documents/GitHub/arquitectura/P9/ASM.srcs/sources_1/new/asm.vhd" into library xil_defaultlib
INFO: [VRFC 10-3107] analyzing entity 'asm'
INFO: [VRFC 10-163] Analyzing VHDL file "C:/Users/Abraham/Documents/GitHub/arquitectura/P9/ASM.srcs/sim_1/new/test_asm.vhd" into library xil_defaultlib
INFO: [VRFC 10-3107] analyzing entity 'test_asm'
INFO: [USF-XSim-69] 'compile' step finished in '1' seconds
INFO: [USF-XSim-3] XSim::Elaborate design
INFO: [USF-XSim-61] Executing 'ELABORATE' step in 'C:/Users/Abraham/Documents/GitHub/arquitectura/P9/ASM.sim/sim_1/behav/xsim'
Vivado Simulator 2018.3
Copyright 1986-1999, 2001-2018 Xilinx, Inc. All Rights Reserved.
Running: C:/Xilinx/Vivado/2018.3/bin/unwrapped/win64.o/xelab.exe -wto 0b85cbe62ef54e28ae021fbc3c96758b --incr --debug typical --relax --mt 2 -L xil_defaultlib -L secureip --snapshot test_asm_behav xil_defaultlib.test_asm -log elaborate.log 
Using 2 slave threads.
Starting static elaboration
Completed static elaboration
Starting simulation data flow analysis
Completed simulation data flow analysis
Time Resolution for simulation is 1ps
Compiling package std.standard
Compiling package std.textio
Compiling package ieee.std_logic_1164
Compiling package xil_defaultlib.paq_asm
Compiling package ieee.std_logic_arith
Compiling package ieee.std_logic_unsigned
Compiling architecture behavioral of entity xil_defaultlib.cartaASM [cartaasm_default]
Compiling architecture behavioral of entity xil_defaultlib.arreglo [arreglo_default]
Compiling architecture behavioral of entity xil_defaultlib.contador [contador_default]
Compiling architecture behavioral of entity xil_defaultlib.deco [deco_default]
Compiling architecture behavioral of entity xil_defaultlib.asm [asm_default]
Compiling architecture behavioral of entity xil_defaultlib.test_asm
Built simulation snapshot test_asm_behav
INFO: [USF-XSim-69] 'elaborate' step finished in '3' seconds
INFO: [USF-XSim-4] XSim::Simulate design
INFO: [USF-XSim-61] Executing 'SIMULATE' step in 'C:/Users/Abraham/Documents/GitHub/arquitectura/P9/ASM.sim/sim_1/behav/xsim'
INFO: [USF-XSim-98] *** Running xsim
   with args "test_asm_behav -key {Behavioral:sim_1:Functional:test_asm} -tclbatch {test_asm.tcl} -log {simulate.log}"
INFO: [USF-XSim-8] Loading simulator feature
Vivado Simulator 2018.3
Time resolution is 1 ps
source test_asm.tcl
# set curr_wave [current_wave_config]
# if { [string length $curr_wave] == 0 } {
#   if { [llength [get_objects]] > 0} {
#     add_wave /
#     set_property needs_save false [current_wave_config]
#   } else {
#      send_msg_id Add_Wave-1 WARNING "No top level signals found. Simulator will start without a wave window. If you want to open a wave window go to 'File->New Waveform Configuration' or type 'create_wave_config' in the TCL console."
#   }
# }
# run 1000ns
INFO: [USF-XSim-96] XSim completed. Design snapshot 'test_asm_behav' loaded.
INFO: [USF-XSim-97] XSim simulation ran for 1000ns
launch_simulation: Time (s): cpu = 00:00:09 ; elapsed = 00:00:08 . Memory (MB): peak = 767.195 ; gain = 25.340
reset_run synth_1
WARNING: [Vivado 12-1017] Problems encountered:
1. Failed to delete one or more files in run directory C:/Users/Abraham/Documents/GitHub/arquitectura/P9/ASM.runs/synth_1

launch_runs synth_1 -jobs 2
[Wed Jun  2 19:12:22 2021] Launched synth_1...
Run output will be captured here: C:/Users/Abraham/Documents/GitHub/arquitectura/P9/ASM.runs/synth_1/runme.log
launch_runs impl_1 -jobs 2
[Wed Jun  2 19:13:11 2021] Launched impl_1...
Run output will be captured here: C:/Users/Abraham/Documents/GitHub/arquitectura/P9/ASM.runs/impl_1/runme.log
close_sim
INFO: [Simtcl 6-16] Simulation closed
launch_simulation
INFO: [Vivado 12-5682] Launching behavioral simulation in 'C:/Users/Abraham/Documents/GitHub/arquitectura/P9/ASM.sim/sim_1/behav/xsim'
INFO: [SIM-utils-51] Simulation object is 'sim_1'
INFO: [SIM-utils-54] Inspecting design source files for 'test_asm' in fileset 'sim_1'...
INFO: [USF-XSim-97] Finding global include files...
INFO: [USF-XSim-98] Fetching design files from 'sim_1'...
INFO: [USF-XSim-2] XSim::Compile design
INFO: [USF-XSim-61] Executing 'COMPILE and ANALYZE' step in 'C:/Users/Abraham/Documents/GitHub/arquitectura/P9/ASM.sim/sim_1/behav/xsim'
"xvhdl --incr --relax -prj test_asm_vhdl.prj"
INFO: [VRFC 10-163] Analyzing VHDL file "C:/Users/Abraham/Documents/GitHub/arquitectura/P9/ASM.srcs/sources_1/new/asm.vhd" into library xil_defaultlib
INFO: [VRFC 10-3107] analyzing entity 'asm'
INFO: [USF-XSim-69] 'compile' step finished in '1' seconds
INFO: [USF-XSim-3] XSim::Elaborate design
INFO: [USF-XSim-61] Executing 'ELABORATE' step in 'C:/Users/Abraham/Documents/GitHub/arquitectura/P9/ASM.sim/sim_1/behav/xsim'
Vivado Simulator 2018.3
Copyright 1986-1999, 2001-2018 Xilinx, Inc. All Rights Reserved.
Running: C:/Xilinx/Vivado/2018.3/bin/unwrapped/win64.o/xelab.exe -wto 0b85cbe62ef54e28ae021fbc3c96758b --incr --debug typical --relax --mt 2 -L xil_defaultlib -L secureip --snapshot test_asm_behav xil_defaultlib.test_asm -log elaborate.log 
Using 2 slave threads.
Starting static elaboration
Completed static elaboration
Starting simulation data flow analysis
Completed simulation data flow analysis
Time Resolution for simulation is 1ps
Compiling package std.standard
Compiling package std.textio
Compiling package ieee.std_logic_1164
Compiling package xil_defaultlib.paq_asm
Compiling package ieee.std_logic_arith
Compiling package ieee.std_logic_unsigned
Compiling architecture behavioral of entity xil_defaultlib.cartaASM [cartaasm_default]
Compiling architecture behavioral of entity xil_defaultlib.arreglo [arreglo_default]
Compiling architecture behavioral of entity xil_defaultlib.contador [contador_default]
Compiling architecture behavioral of entity xil_defaultlib.deco [deco_default]
Compiling architecture behavioral of entity xil_defaultlib.asm [asm_default]
Compiling architecture behavioral of entity xil_defaultlib.test_asm
Built simulation snapshot test_asm_behav
INFO: [USF-XSim-69] 'elaborate' step finished in '2' seconds
INFO: [USF-XSim-4] XSim::Simulate design
INFO: [USF-XSim-61] Executing 'SIMULATE' step in 'C:/Users/Abraham/Documents/GitHub/arquitectura/P9/ASM.sim/sim_1/behav/xsim'
INFO: [USF-XSim-98] *** Running xsim
   with args "test_asm_behav -key {Behavioral:sim_1:Functional:test_asm} -tclbatch {test_asm.tcl} -log {simulate.log}"
INFO: [USF-XSim-8] Loading simulator feature
Vivado Simulator 2018.3
Time resolution is 1 ps
source test_asm.tcl
# set curr_wave [current_wave_config]
# if { [string length $curr_wave] == 0 } {
#   if { [llength [get_objects]] > 0} {
#     add_wave /
#     set_property needs_save false [current_wave_config]
#   } else {
#      send_msg_id Add_Wave-1 WARNING "No top level signals found. Simulator will start without a wave window. If you want to open a wave window go to 'File->New Waveform Configuration' or type 'create_wave_config' in the TCL console."
#   }
# }
# run 1000ns
INFO: [USF-XSim-96] XSim completed. Design snapshot 'test_asm_behav' loaded.
INFO: [USF-XSim-97] XSim simulation ran for 1000ns
launch_simulation: Time (s): cpu = 00:00:06 ; elapsed = 00:00:07 . Memory (MB): peak = 774.434 ; gain = 0.000
close_sim
INFO: [Simtcl 6-16] Simulation closed
launch_simulation
INFO: [Vivado 12-5682] Launching behavioral simulation in 'C:/Users/Abraham/Documents/GitHub/arquitectura/P9/ASM.sim/sim_1/behav/xsim'
INFO: [SIM-utils-51] Simulation object is 'sim_1'
INFO: [SIM-utils-54] Inspecting design source files for 'test_asm' in fileset 'sim_1'...
INFO: [USF-XSim-97] Finding global include files...
INFO: [USF-XSim-98] Fetching design files from 'sim_1'...
INFO: [USF-XSim-2] XSim::Compile design
INFO: [USF-XSim-61] Executing 'COMPILE and ANALYZE' step in 'C:/Users/Abraham/Documents/GitHub/arquitectura/P9/ASM.sim/sim_1/behav/xsim'
"xvhdl --incr --relax -prj test_asm_vhdl.prj"
INFO: [VRFC 10-163] Analyzing VHDL file "C:/Users/Abraham/Documents/GitHub/arquitectura/P9/ASM.srcs/sim_1/new/test_asm.vhd" into library xil_defaultlib
INFO: [VRFC 10-3107] analyzing entity 'test_asm'
INFO: [USF-XSim-69] 'compile' step finished in '1' seconds
INFO: [USF-XSim-3] XSim::Elaborate design
INFO: [USF-XSim-61] Executing 'ELABORATE' step in 'C:/Users/Abraham/Documents/GitHub/arquitectura/P9/ASM.sim/sim_1/behav/xsim'
Vivado Simulator 2018.3
Copyright 1986-1999, 2001-2018 Xilinx, Inc. All Rights Reserved.
Running: C:/Xilinx/Vivado/2018.3/bin/unwrapped/win64.o/xelab.exe -wto 0b85cbe62ef54e28ae021fbc3c96758b --incr --debug typical --relax --mt 2 -L xil_defaultlib -L secureip --snapshot test_asm_behav xil_defaultlib.test_asm -log elaborate.log 
Using 2 slave threads.
Starting static elaboration
Completed static elaboration
Starting simulation data flow analysis
Completed simulation data flow analysis
Time Resolution for simulation is 1ps
Compiling package std.standard
Compiling package std.textio
Compiling package ieee.std_logic_1164
Compiling package xil_defaultlib.paq_asm
Compiling package ieee.std_logic_arith
Compiling package ieee.std_logic_unsigned
Compiling architecture behavioral of entity xil_defaultlib.cartaASM [cartaasm_default]
Compiling architecture behavioral of entity xil_defaultlib.arreglo [arreglo_default]
Compiling architecture behavioral of entity xil_defaultlib.contador [contador_default]
Compiling architecture behavioral of entity xil_defaultlib.deco [deco_default]
Compiling architecture behavioral of entity xil_defaultlib.asm [asm_default]
Compiling architecture behavioral of entity xil_defaultlib.test_asm
Built simulation snapshot test_asm_behav
INFO: [USF-XSim-69] 'elaborate' step finished in '1' seconds
INFO: [USF-XSim-4] XSim::Simulate design
INFO: [USF-XSim-61] Executing 'SIMULATE' step in 'C:/Users/Abraham/Documents/GitHub/arquitectura/P9/ASM.sim/sim_1/behav/xsim'
INFO: [USF-XSim-98] *** Running xsim
   with args "test_asm_behav -key {Behavioral:sim_1:Functional:test_asm} -tclbatch {test_asm.tcl} -log {simulate.log}"
INFO: [USF-XSim-8] Loading simulator feature
Vivado Simulator 2018.3
Time resolution is 1 ps
source test_asm.tcl
# set curr_wave [current_wave_config]
# if { [string length $curr_wave] == 0 } {
#   if { [llength [get_objects]] > 0} {
#     add_wave /
#     set_property needs_save false [current_wave_config]
#   } else {
#      send_msg_id Add_Wave-1 WARNING "No top level signals found. Simulator will start without a wave window. If you want to open a wave window go to 'File->New Waveform Configuration' or type 'create_wave_config' in the TCL console."
#   }
# }
# run 1000ns
INFO: [USF-XSim-96] XSim completed. Design snapshot 'test_asm_behav' loaded.
INFO: [USF-XSim-97] XSim simulation ran for 1000ns
launch_simulation: Time (s): cpu = 00:00:04 ; elapsed = 00:00:05 . Memory (MB): peak = 782.008 ; gain = 0.000
close_sim
INFO: [Simtcl 6-16] Simulation closed
launch_simulation
INFO: [Vivado 12-5682] Launching behavioral simulation in 'C:/Users/Abraham/Documents/GitHub/arquitectura/P9/ASM.sim/sim_1/behav/xsim'
INFO: [SIM-utils-51] Simulation object is 'sim_1'
INFO: [SIM-utils-54] Inspecting design source files for 'test_asm' in fileset 'sim_1'...
INFO: [USF-XSim-97] Finding global include files...
INFO: [USF-XSim-98] Fetching design files from 'sim_1'...
INFO: [USF-XSim-2] XSim::Compile design
INFO: [USF-XSim-61] Executing 'COMPILE and ANALYZE' step in 'C:/Users/Abraham/Documents/GitHub/arquitectura/P9/ASM.sim/sim_1/behav/xsim'
"xvhdl --incr --relax -prj test_asm_vhdl.prj"
INFO: [VRFC 10-163] Analyzing VHDL file "C:/Users/Abraham/Documents/GitHub/arquitectura/P9/ASM.srcs/sim_1/new/test_asm.vhd" into library xil_defaultlib
INFO: [VRFC 10-3107] analyzing entity 'test_asm'
INFO: [USF-XSim-69] 'compile' step finished in '1' seconds
INFO: [USF-XSim-3] XSim::Elaborate design
INFO: [USF-XSim-61] Executing 'ELABORATE' step in 'C:/Users/Abraham/Documents/GitHub/arquitectura/P9/ASM.sim/sim_1/behav/xsim'
Vivado Simulator 2018.3
Copyright 1986-1999, 2001-2018 Xilinx, Inc. All Rights Reserved.
Running: C:/Xilinx/Vivado/2018.3/bin/unwrapped/win64.o/xelab.exe -wto 0b85cbe62ef54e28ae021fbc3c96758b --incr --debug typical --relax --mt 2 -L xil_defaultlib -L secureip --snapshot test_asm_behav xil_defaultlib.test_asm -log elaborate.log 
Using 2 slave threads.
Starting static elaboration
Completed static elaboration
Starting simulation data flow analysis
Completed simulation data flow analysis
Time Resolution for simulation is 1ps
Compiling package std.standard
Compiling package std.textio
Compiling package ieee.std_logic_1164
Compiling package xil_defaultlib.paq_asm
Compiling package ieee.std_logic_arith
Compiling package ieee.std_logic_unsigned
Compiling architecture behavioral of entity xil_defaultlib.cartaASM [cartaasm_default]
Compiling architecture behavioral of entity xil_defaultlib.arreglo [arreglo_default]
Compiling architecture behavioral of entity xil_defaultlib.contador [contador_default]
Compiling architecture behavioral of entity xil_defaultlib.deco [deco_default]
Compiling architecture behavioral of entity xil_defaultlib.asm [asm_default]
Compiling architecture behavioral of entity xil_defaultlib.test_asm
Built simulation snapshot test_asm_behav
INFO: [USF-XSim-69] 'elaborate' step finished in '1' seconds
INFO: [USF-XSim-4] XSim::Simulate design
INFO: [USF-XSim-61] Executing 'SIMULATE' step in 'C:/Users/Abraham/Documents/GitHub/arquitectura/P9/ASM.sim/sim_1/behav/xsim'
INFO: [USF-XSim-98] *** Running xsim
   with args "test_asm_behav -key {Behavioral:sim_1:Functional:test_asm} -tclbatch {test_asm.tcl} -log {simulate.log}"
INFO: [USF-XSim-8] Loading simulator feature
Vivado Simulator 2018.3
Time resolution is 1 ps
source test_asm.tcl
# set curr_wave [current_wave_config]
# if { [string length $curr_wave] == 0 } {
#   if { [llength [get_objects]] > 0} {
#     add_wave /
#     set_property needs_save false [current_wave_config]
#   } else {
#      send_msg_id Add_Wave-1 WARNING "No top level signals found. Simulator will start without a wave window. If you want to open a wave window go to 'File->New Waveform Configuration' or type 'create_wave_config' in the TCL console."
#   }
# }
# run 1000ns
INFO: [USF-XSim-96] XSim completed. Design snapshot 'test_asm_behav' loaded.
INFO: [USF-XSim-97] XSim simulation ran for 1000ns
launch_simulation: Time (s): cpu = 00:00:05 ; elapsed = 00:00:05 . Memory (MB): peak = 931.504 ; gain = 0.000
close_sim
INFO: [Simtcl 6-16] Simulation closed
launch_simulation
INFO: [Vivado 12-5682] Launching behavioral simulation in 'C:/Users/Abraham/Documents/GitHub/arquitectura/P9/ASM.sim/sim_1/behav/xsim'
INFO: [SIM-utils-51] Simulation object is 'sim_1'
INFO: [SIM-utils-54] Inspecting design source files for 'test_asm' in fileset 'sim_1'...
INFO: [USF-XSim-97] Finding global include files...
INFO: [USF-XSim-98] Fetching design files from 'sim_1'...
INFO: [USF-XSim-2] XSim::Compile design
INFO: [USF-XSim-61] Executing 'COMPILE and ANALYZE' step in 'C:/Users/Abraham/Documents/GitHub/arquitectura/P9/ASM.sim/sim_1/behav/xsim'
"xvhdl --incr --relax -prj test_asm_vhdl.prj"
INFO: [VRFC 10-163] Analyzing VHDL file "C:/Users/Abraham/Documents/GitHub/arquitectura/P9/ASM.srcs/sim_1/new/test_asm.vhd" into library xil_defaultlib
INFO: [VRFC 10-3107] analyzing entity 'test_asm'
INFO: [USF-XSim-69] 'compile' step finished in '2' seconds
INFO: [USF-XSim-3] XSim::Elaborate design
INFO: [USF-XSim-61] Executing 'ELABORATE' step in 'C:/Users/Abraham/Documents/GitHub/arquitectura/P9/ASM.sim/sim_1/behav/xsim'
Vivado Simulator 2018.3
Copyright 1986-1999, 2001-2018 Xilinx, Inc. All Rights Reserved.
Running: C:/Xilinx/Vivado/2018.3/bin/unwrapped/win64.o/xelab.exe -wto 0b85cbe62ef54e28ae021fbc3c96758b --incr --debug typical --relax --mt 2 -L xil_defaultlib -L secureip --snapshot test_asm_behav xil_defaultlib.test_asm -log elaborate.log 
Using 2 slave threads.
Starting static elaboration
Completed static elaboration
Starting simulation data flow analysis
Completed simulation data flow analysis
Time Resolution for simulation is 1ps
Compiling package std.standard
Compiling package std.textio
Compiling package ieee.std_logic_1164
Compiling package xil_defaultlib.paq_asm
Compiling package ieee.std_logic_arith
Compiling package ieee.std_logic_unsigned
Compiling architecture behavioral of entity xil_defaultlib.cartaASM [cartaasm_default]
Compiling architecture behavioral of entity xil_defaultlib.arreglo [arreglo_default]
Compiling architecture behavioral of entity xil_defaultlib.contador [contador_default]
Compiling architecture behavioral of entity xil_defaultlib.deco [deco_default]
Compiling architecture behavioral of entity xil_defaultlib.asm [asm_default]
Compiling architecture behavioral of entity xil_defaultlib.test_asm
Built simulation snapshot test_asm_behav
INFO: [USF-XSim-69] 'elaborate' step finished in '1' seconds
INFO: [USF-XSim-4] XSim::Simulate design
INFO: [USF-XSim-61] Executing 'SIMULATE' step in 'C:/Users/Abraham/Documents/GitHub/arquitectura/P9/ASM.sim/sim_1/behav/xsim'
INFO: [USF-XSim-98] *** Running xsim
   with args "test_asm_behav -key {Behavioral:sim_1:Functional:test_asm} -tclbatch {test_asm.tcl} -log {simulate.log}"
INFO: [USF-XSim-8] Loading simulator feature
Vivado Simulator 2018.3
Time resolution is 1 ps
source test_asm.tcl
# set curr_wave [current_wave_config]
# if { [string length $curr_wave] == 0 } {
#   if { [llength [get_objects]] > 0} {
#     add_wave /
#     set_property needs_save false [current_wave_config]
#   } else {
#      send_msg_id Add_Wave-1 WARNING "No top level signals found. Simulator will start without a wave window. If you want to open a wave window go to 'File->New Waveform Configuration' or type 'create_wave_config' in the TCL console."
#   }
# }
# run 1000ns
INFO: [USF-XSim-96] XSim completed. Design snapshot 'test_asm_behav' loaded.
INFO: [USF-XSim-97] XSim simulation ran for 1000ns
launch_simulation: Time (s): cpu = 00:00:03 ; elapsed = 00:00:05 . Memory (MB): peak = 1288.449 ; gain = 0.000
