#-----------------------------------------------------------
# Vivado v2018.3 (64-bit)
# SW Build 2405991 on Thu Dec  6 23:38:27 MST 2018
# IP Build 2404404 on Fri Dec  7 01:43:56 MST 2018
# Start of session at: Fri Jun  4 09:16:26 2021
# Process ID: 14592
# Current directory: C:/Users/mara0/Documents/ESCOM6/PracticasArquitectura/arquitectura/P9
# Command line: vivado.exe -gui_launcher_event rodinguilauncherevent10612 C:\Users\mara0\Documents\ESCOM6\PracticasArquitectura\arquitectura\P9\ASM.xpr
# Log file: C:/Users/mara0/Documents/ESCOM6/PracticasArquitectura/arquitectura/P9/vivado.log
# Journal file: C:/Users/mara0/Documents/ESCOM6/PracticasArquitectura/arquitectura/P9\vivado.jou
#-----------------------------------------------------------
start_gui
open_project C:/Users/mara0/Documents/ESCOM6/PracticasArquitectura/arquitectura/P9/ASM.xpr
INFO: [Project 1-313] Project file moved from 'D:/Documents/PracticasArqui/arquitectura/P9' since last save.
Scanning sources...
Finished scanning sources
INFO: [IP_Flow 19-234] Refreshing IP repositories
INFO: [IP_Flow 19-1704] No user IP repositories specified
INFO: [IP_Flow 19-2313] Loaded Vivado IP repository 'C:/Xilinx/Vivado/2018.3/data/ip'.
open_project: Time (s): cpu = 00:00:31 ; elapsed = 00:00:26 . Memory (MB): peak = 642.949 ; gain = 84.285
update_compile_order -fileset sources_1
reset_run synth_1
launch_runs synth_1 -jobs 2
[Fri Jun  4 09:26:56 2021] Launched synth_1...
Run output will be captured here: C:/Users/mara0/Documents/ESCOM6/PracticasArquitectura/arquitectura/P9/ASM.runs/synth_1/runme.log
launch_runs: Time (s): cpu = 00:00:02 ; elapsed = 00:00:06 . Memory (MB): peak = 700.816 ; gain = 4.242
launch_runs impl_1 -jobs 2
[Fri Jun  4 09:29:21 2021] Launched impl_1...
Run output will be captured here: C:/Users/mara0/Documents/ESCOM6/PracticasArquitectura/arquitectura/P9/ASM.runs/impl_1/runme.log
open_run impl_1
INFO: [Netlist 29-17] Analyzing 7 Unisim elements for replacement
INFO: [Netlist 29-28] Unisim Transformation completed in 0 CPU seconds
INFO: [Project 1-479] Netlist was created with Vivado 2018.3
INFO: [Device 21-403] Loading part xc7a100tcsg324-1
INFO: [Project 1-570] Preparing netlist for logic optimization
Reading XDEF placement.
Reading placer database...
Reading XDEF routing.
Read XDEF File: Time (s): cpu = 00:00:00 ; elapsed = 00:00:00.237 . Memory (MB): peak = 986.328 ; gain = 0.055
Restored from archive | CPU: 0.000000 secs | Memory: 0.000000 MB |
Finished XDEF File Restore: Time (s): cpu = 00:00:00 ; elapsed = 00:00:00.237 . Memory (MB): peak = 986.328 ; gain = 0.055
Netlist sorting complete. Time (s): cpu = 00:00:00 ; elapsed = 00:00:00 . Memory (MB): peak = 986.328 ; gain = 0.000
INFO: [Project 1-111] Unisim Transformation Summary:
No Unisim elements were transformed.

open_run: Time (s): cpu = 00:00:18 ; elapsed = 00:00:15 . Memory (MB): peak = 1101.301 ; gain = 392.672
WARNING: [Timing 38-313] There are no user specified timing constraints. Timing constraints are needed for proper timing analysis.
close_design
synth_design -rtl -name rtl_1
Command: synth_design -rtl -name rtl_1
Starting synth_design
Using part: xc7a100tcsg324-1
Top: p9
---------------------------------------------------------------------------------
Starting RTL Elaboration : Time (s): cpu = 00:00:03 ; elapsed = 00:00:03 . Memory (MB): peak = 1559.066 ; gain = 0.000
---------------------------------------------------------------------------------
INFO: [Synth 8-638] synthesizing module 'p9' [C:/Users/mara0/Documents/ESCOM6/PracticasArquitectura/arquitectura/P9/ASM.srcs/sources_1/new/p9.vhd:13]
	Parameter n bound to: 49999999 - type: integer 
INFO: [Synth 8-3491] module 'div_freq' declared at 'C:/Users/mara0/Documents/ESCOM6/PracticasArquitectura/arquitectura/P9/ASM.srcs/sources_1/new/div_freq.vhd:5' bound to instance 'divisor' of component 'div_freq' [C:/Users/mara0/Documents/ESCOM6/PracticasArquitectura/arquitectura/P9/ASM.srcs/sources_1/new/p9.vhd:36]
INFO: [Synth 8-638] synthesizing module 'div_freq' [C:/Users/mara0/Documents/ESCOM6/PracticasArquitectura/arquitectura/P9/ASM.srcs/sources_1/new/div_freq.vhd:13]
	Parameter n bound to: 49999999 - type: integer 
INFO: [Synth 8-256] done synthesizing module 'div_freq' (1#1) [C:/Users/mara0/Documents/ESCOM6/PracticasArquitectura/arquitectura/P9/ASM.srcs/sources_1/new/div_freq.vhd:13]
INFO: [Synth 8-3491] module 'asm' declared at 'C:/Users/mara0/Documents/ESCOM6/PracticasArquitectura/arquitectura/P9/ASM.srcs/sources_1/new/asm.vhd:5' bound to instance 'carta' of component 'asm' [C:/Users/mara0/Documents/ESCOM6/PracticasArquitectura/arquitectura/P9/ASM.srcs/sources_1/new/p9.vhd:43]
INFO: [Synth 8-638] synthesizing module 'asm' [C:/Users/mara0/Documents/ESCOM6/PracticasArquitectura/arquitectura/P9/ASM.srcs/sources_1/new/asm.vhd:14]
INFO: [Synth 8-3491] module 'cartaASM' declared at 'C:/Users/mara0/Documents/ESCOM6/PracticasArquitectura/arquitectura/P9/ASM.srcs/sources_1/new/cartaASM.vhd:4' bound to instance 'uc' of component 'cartaASM' [C:/Users/mara0/Documents/ESCOM6/PracticasArquitectura/arquitectura/P9/ASM.srcs/sources_1/new/asm.vhd:23]
INFO: [Synth 8-638] synthesizing module 'cartaASM' [C:/Users/mara0/Documents/ESCOM6/PracticasArquitectura/arquitectura/P9/ASM.srcs/sources_1/new/cartaASM.vhd:11]
INFO: [Synth 8-256] done synthesizing module 'cartaASM' (2#1) [C:/Users/mara0/Documents/ESCOM6/PracticasArquitectura/arquitectura/P9/ASM.srcs/sources_1/new/cartaASM.vhd:11]
INFO: [Synth 8-3491] module 'arreglo' declared at 'C:/Users/mara0/Documents/ESCOM6/PracticasArquitectura/arquitectura/P9/ASM.srcs/sources_1/new/arreglo.vhd:4' bound to instance 'arr' of component 'arreglo' [C:/Users/mara0/Documents/ESCOM6/PracticasArquitectura/arquitectura/P9/ASM.srcs/sources_1/new/asm.vhd:39]
INFO: [Synth 8-638] synthesizing module 'arreglo' [C:/Users/mara0/Documents/ESCOM6/PracticasArquitectura/arquitectura/P9/ASM.srcs/sources_1/new/arreglo.vhd:10]
WARNING: [Synth 8-6014] Unused sequential element aux_reg was removed.  [C:/Users/mara0/Documents/ESCOM6/PracticasArquitectura/arquitectura/P9/ASM.srcs/sources_1/new/arreglo.vhd:22]
INFO: [Synth 8-256] done synthesizing module 'arreglo' (3#1) [C:/Users/mara0/Documents/ESCOM6/PracticasArquitectura/arquitectura/P9/ASM.srcs/sources_1/new/arreglo.vhd:10]
INFO: [Synth 8-3491] module 'contador' declared at 'C:/Users/mara0/Documents/ESCOM6/PracticasArquitectura/arquitectura/P9/ASM.srcs/sources_1/new/contador.vhd:6' bound to instance 'cont' of component 'contador' [C:/Users/mara0/Documents/ESCOM6/PracticasArquitectura/arquitectura/P9/ASM.srcs/sources_1/new/asm.vhd:55]
INFO: [Synth 8-638] synthesizing module 'contador' [C:/Users/mara0/Documents/ESCOM6/PracticasArquitectura/arquitectura/P9/ASM.srcs/sources_1/new/contador.vhd:11]
INFO: [Synth 8-256] done synthesizing module 'contador' (4#1) [C:/Users/mara0/Documents/ESCOM6/PracticasArquitectura/arquitectura/P9/ASM.srcs/sources_1/new/contador.vhd:11]
INFO: [Synth 8-3491] module 'deco' declared at 'C:/Users/mara0/Documents/ESCOM6/PracticasArquitectura/arquitectura/P9/ASM.srcs/sources_1/new/deco.vhd:4' bound to instance 'Decodificador' of component 'deco' [C:/Users/mara0/Documents/ESCOM6/PracticasArquitectura/arquitectura/P9/ASM.srcs/sources_1/new/asm.vhd:66]
INFO: [Synth 8-638] synthesizing module 'deco' [C:/Users/mara0/Documents/ESCOM6/PracticasArquitectura/arquitectura/P9/ASM.srcs/sources_1/new/deco.vhd:11]
INFO: [Synth 8-256] done synthesizing module 'deco' (5#1) [C:/Users/mara0/Documents/ESCOM6/PracticasArquitectura/arquitectura/P9/ASM.srcs/sources_1/new/deco.vhd:11]
INFO: [Synth 8-256] done synthesizing module 'asm' (6#1) [C:/Users/mara0/Documents/ESCOM6/PracticasArquitectura/arquitectura/P9/ASM.srcs/sources_1/new/asm.vhd:14]
INFO: [Synth 8-256] done synthesizing module 'p9' (7#1) [C:/Users/mara0/Documents/ESCOM6/PracticasArquitectura/arquitectura/P9/ASM.srcs/sources_1/new/p9.vhd:13]
---------------------------------------------------------------------------------
Finished RTL Elaboration : Time (s): cpu = 00:00:04 ; elapsed = 00:00:04 . Memory (MB): peak = 1559.066 ; gain = 0.000
---------------------------------------------------------------------------------

Report Check Netlist: 
+------+------------------+-------+---------+-------+------------------+
|      |Item              |Errors |Warnings |Status |Description       |
+------+------------------+-------+---------+-------+------------------+
|1     |multi_driven_nets |      0|        0|Passed |Multi driven nets |
+------+------------------+-------+---------+-------+------------------+
---------------------------------------------------------------------------------
Start Handling Custom Attributes
---------------------------------------------------------------------------------
---------------------------------------------------------------------------------
Finished Handling Custom Attributes : Time (s): cpu = 00:00:04 ; elapsed = 00:00:04 . Memory (MB): peak = 1559.066 ; gain = 0.000
---------------------------------------------------------------------------------
---------------------------------------------------------------------------------
Finished RTL Optimization Phase 1 : Time (s): cpu = 00:00:04 ; elapsed = 00:00:04 . Memory (MB): peak = 1559.066 ; gain = 0.000
---------------------------------------------------------------------------------
INFO: [Project 1-570] Preparing netlist for logic optimization

Processing XDC Constraints
Initializing timing engine
Completed Processing XDC Constraints

INFO: [Opt 31-138] Pushed 0 inverter(s) to 0 load pin(s).
Netlist sorting complete. Time (s): cpu = 00:00:00 ; elapsed = 00:00:00 . Memory (MB): peak = 1665.328 ; gain = 0.000
INFO: [Project 1-111] Unisim Transformation Summary:
No Unisim elements were transformed.

RTL Elaboration Complete:  : Time (s): cpu = 00:00:11 ; elapsed = 00:00:08 . Memory (MB): peak = 1670.039 ; gain = 110.973
23 Infos, 1 Warnings, 0 Critical Warnings and 0 Errors encountered.
synth_design completed successfully
synth_design: Time (s): cpu = 00:00:12 ; elapsed = 00:00:08 . Memory (MB): peak = 1670.039 ; gain = 110.973
add_files -fileset constrs_1 -norecurse C:/Users/mara0/Downloads/Nexys4DDR_LabRemoto.xdc
refresh_design
INFO: [Project 1-570] Preparing netlist for logic optimization

Processing XDC Constraints
Initializing timing engine
Parsing XDC File [C:/Users/mara0/Downloads/Nexys4DDR_LabRemoto.xdc]
WARNING: [Vivado 12-584] No ports matched 's[0]'. [C:/Users/mara0/Downloads/Nexys4DDR_LabRemoto.xdc:34]
CRITICAL WARNING: [Common 17-55] 'set_property' expects at least one object. [C:/Users/mara0/Downloads/Nexys4DDR_LabRemoto.xdc:34]
Resolution: If [get_<value>] was used to populate the object, check to make sure this command returns at least one valid object.
WARNING: [Vivado 12-584] No ports matched 's[1]'. [C:/Users/mara0/Downloads/Nexys4DDR_LabRemoto.xdc:35]
CRITICAL WARNING: [Common 17-55] 'set_property' expects at least one object. [C:/Users/mara0/Downloads/Nexys4DDR_LabRemoto.xdc:35]
Resolution: If [get_<value>] was used to populate the object, check to make sure this command returns at least one valid object.
WARNING: [Vivado 12-584] No ports matched 's[2]'. [C:/Users/mara0/Downloads/Nexys4DDR_LabRemoto.xdc:36]
CRITICAL WARNING: [Common 17-55] 'set_property' expects at least one object. [C:/Users/mara0/Downloads/Nexys4DDR_LabRemoto.xdc:36]
Resolution: If [get_<value>] was used to populate the object, check to make sure this command returns at least one valid object.
WARNING: [Vivado 12-584] No ports matched 's[3]'. [C:/Users/mara0/Downloads/Nexys4DDR_LabRemoto.xdc:37]
CRITICAL WARNING: [Common 17-55] 'set_property' expects at least one object. [C:/Users/mara0/Downloads/Nexys4DDR_LabRemoto.xdc:37]
Resolution: If [get_<value>] was used to populate the object, check to make sure this command returns at least one valid object.
WARNING: [Vivado 12-584] No ports matched 'a[0]'. [C:/Users/mara0/Downloads/Nexys4DDR_LabRemoto.xdc:258]
CRITICAL WARNING: [Common 17-55] 'set_property' expects at least one object. [C:/Users/mara0/Downloads/Nexys4DDR_LabRemoto.xdc:258]
Resolution: If [get_<value>] was used to populate the object, check to make sure this command returns at least one valid object.
WARNING: [Vivado 12-584] No ports matched 'a[1]'. [C:/Users/mara0/Downloads/Nexys4DDR_LabRemoto.xdc:259]
CRITICAL WARNING: [Common 17-55] 'set_property' expects at least one object. [C:/Users/mara0/Downloads/Nexys4DDR_LabRemoto.xdc:259]
Resolution: If [get_<value>] was used to populate the object, check to make sure this command returns at least one valid object.
WARNING: [Vivado 12-584] No ports matched 'a[2]'. [C:/Users/mara0/Downloads/Nexys4DDR_LabRemoto.xdc:260]
CRITICAL WARNING: [Common 17-55] 'set_property' expects at least one object. [C:/Users/mara0/Downloads/Nexys4DDR_LabRemoto.xdc:260]
Resolution: If [get_<value>] was used to populate the object, check to make sure this command returns at least one valid object.
WARNING: [Vivado 12-584] No ports matched 'a[3]'. [C:/Users/mara0/Downloads/Nexys4DDR_LabRemoto.xdc:261]
CRITICAL WARNING: [Common 17-55] 'set_property' expects at least one object. [C:/Users/mara0/Downloads/Nexys4DDR_LabRemoto.xdc:261]
Resolution: If [get_<value>] was used to populate the object, check to make sure this command returns at least one valid object.
WARNING: [Vivado 12-584] No ports matched 'b[0]'. [C:/Users/mara0/Downloads/Nexys4DDR_LabRemoto.xdc:263]
CRITICAL WARNING: [Common 17-55] 'set_property' expects at least one object. [C:/Users/mara0/Downloads/Nexys4DDR_LabRemoto.xdc:263]
Resolution: If [get_<value>] was used to populate the object, check to make sure this command returns at least one valid object.
WARNING: [Vivado 12-584] No ports matched 'b[1]'. [C:/Users/mara0/Downloads/Nexys4DDR_LabRemoto.xdc:264]
CRITICAL WARNING: [Common 17-55] 'set_property' expects at least one object. [C:/Users/mara0/Downloads/Nexys4DDR_LabRemoto.xdc:264]
Resolution: If [get_<value>] was used to populate the object, check to make sure this command returns at least one valid object.
WARNING: [Vivado 12-584] No ports matched 'b[2]'. [C:/Users/mara0/Downloads/Nexys4DDR_LabRemoto.xdc:265]
CRITICAL WARNING: [Common 17-55] 'set_property' expects at least one object. [C:/Users/mara0/Downloads/Nexys4DDR_LabRemoto.xdc:265]
Resolution: If [get_<value>] was used to populate the object, check to make sure this command returns at least one valid object.
WARNING: [Vivado 12-584] No ports matched 'b[3]'. [C:/Users/mara0/Downloads/Nexys4DDR_LabRemoto.xdc:266]
CRITICAL WARNING: [Common 17-55] 'set_property' expects at least one object. [C:/Users/mara0/Downloads/Nexys4DDR_LabRemoto.xdc:266]
Resolution: If [get_<value>] was used to populate the object, check to make sure this command returns at least one valid object.
WARNING: [Vivado 12-584] No ports matched 'cin'. [C:/Users/mara0/Downloads/Nexys4DDR_LabRemoto.xdc:268]
CRITICAL WARNING: [Common 17-55] 'set_property' expects at least one object. [C:/Users/mara0/Downloads/Nexys4DDR_LabRemoto.xdc:268]
Resolution: If [get_<value>] was used to populate the object, check to make sure this command returns at least one valid object.
Finished Parsing XDC File [C:/Users/mara0/Downloads/Nexys4DDR_LabRemoto.xdc]
Completed Processing XDC Constraints

INFO: [Opt 31-138] Pushed 0 inverter(s) to 0 load pin(s).
refresh_design: Time (s): cpu = 00:00:12 ; elapsed = 00:00:06 . Memory (MB): peak = 1737.887 ; gain = 56.117
export_ip_user_files -of_objects  [get_files C:/Users/mara0/Downloads/Nexys4DDR_LabRemoto.xdc] -no_script -reset -force -quiet
remove_files  -fileset constrs_1 C:/Users/mara0/Downloads/Nexys4DDR_LabRemoto.xdc
refresh_design
INFO: [Project 1-570] Preparing netlist for logic optimization

Processing XDC Constraints
Initializing timing engine
Completed Processing XDC Constraints

INFO: [Opt 31-138] Pushed 0 inverter(s) to 0 load pin(s).
refresh_design: Time (s): cpu = 00:00:10 ; elapsed = 00:00:05 . Memory (MB): peak = 1835.426 ; gain = 0.000
file mkdir C:/Users/mara0/Documents/ESCOM6/PracticasArquitectura/arquitectura/P9/ASM.srcs/constrs_1
file mkdir C:/Users/mara0/Documents/ESCOM6/PracticasArquitectura/arquitectura/P9/ASM.srcs/constrs_1/new
close [ open C:/Users/mara0/Documents/ESCOM6/PracticasArquitectura/arquitectura/P9/ASM.srcs/constrs_1/new/Nexys4DDR_labremoto.xdc w ]
add_files -fileset constrs_1 C:/Users/mara0/Documents/ESCOM6/PracticasArquitectura/arquitectura/P9/ASM.srcs/constrs_1/new/Nexys4DDR_labremoto.xdc
refresh_design
INFO: [Project 1-570] Preparing netlist for logic optimization

Processing XDC Constraints
Initializing timing engine
Parsing XDC File [C:/Users/mara0/Documents/ESCOM6/PracticasArquitectura/arquitectura/P9/ASM.srcs/constrs_1/new/Nexys4DDR_labremoto.xdc]
WARNING: [Vivado 12-584] No ports matched 's[0]'. [C:/Users/mara0/Documents/ESCOM6/PracticasArquitectura/arquitectura/P9/ASM.srcs/constrs_1/new/Nexys4DDR_labremoto.xdc:34]
CRITICAL WARNING: [Common 17-55] 'set_property' expects at least one object. [C:/Users/mara0/Documents/ESCOM6/PracticasArquitectura/arquitectura/P9/ASM.srcs/constrs_1/new/Nexys4DDR_labremoto.xdc:34]
Resolution: If [get_<value>] was used to populate the object, check to make sure this command returns at least one valid object.
WARNING: [Vivado 12-584] No ports matched 's[1]'. [C:/Users/mara0/Documents/ESCOM6/PracticasArquitectura/arquitectura/P9/ASM.srcs/constrs_1/new/Nexys4DDR_labremoto.xdc:35]
CRITICAL WARNING: [Common 17-55] 'set_property' expects at least one object. [C:/Users/mara0/Documents/ESCOM6/PracticasArquitectura/arquitectura/P9/ASM.srcs/constrs_1/new/Nexys4DDR_labremoto.xdc:35]
Resolution: If [get_<value>] was used to populate the object, check to make sure this command returns at least one valid object.
WARNING: [Vivado 12-584] No ports matched 's[2]'. [C:/Users/mara0/Documents/ESCOM6/PracticasArquitectura/arquitectura/P9/ASM.srcs/constrs_1/new/Nexys4DDR_labremoto.xdc:36]
CRITICAL WARNING: [Common 17-55] 'set_property' expects at least one object. [C:/Users/mara0/Documents/ESCOM6/PracticasArquitectura/arquitectura/P9/ASM.srcs/constrs_1/new/Nexys4DDR_labremoto.xdc:36]
Resolution: If [get_<value>] was used to populate the object, check to make sure this command returns at least one valid object.
WARNING: [Vivado 12-584] No ports matched 's[3]'. [C:/Users/mara0/Documents/ESCOM6/PracticasArquitectura/arquitectura/P9/ASM.srcs/constrs_1/new/Nexys4DDR_labremoto.xdc:37]
CRITICAL WARNING: [Common 17-55] 'set_property' expects at least one object. [C:/Users/mara0/Documents/ESCOM6/PracticasArquitectura/arquitectura/P9/ASM.srcs/constrs_1/new/Nexys4DDR_labremoto.xdc:37]
Resolution: If [get_<value>] was used to populate the object, check to make sure this command returns at least one valid object.
WARNING: [Vivado 12-584] No ports matched 'c'. [C:/Users/mara0/Documents/ESCOM6/PracticasArquitectura/arquitectura/P9/ASM.srcs/constrs_1/new/Nexys4DDR_labremoto.xdc:41]
CRITICAL WARNING: [Common 17-55] 'set_property' expects at least one object. [C:/Users/mara0/Documents/ESCOM6/PracticasArquitectura/arquitectura/P9/ASM.srcs/constrs_1/new/Nexys4DDR_labremoto.xdc:41]
Resolution: If [get_<value>] was used to populate the object, check to make sure this command returns at least one valid object.
WARNING: [Vivado 12-584] No ports matched 'z'. [C:/Users/mara0/Documents/ESCOM6/PracticasArquitectura/arquitectura/P9/ASM.srcs/constrs_1/new/Nexys4DDR_labremoto.xdc:42]
CRITICAL WARNING: [Common 17-55] 'set_property' expects at least one object. [C:/Users/mara0/Documents/ESCOM6/PracticasArquitectura/arquitectura/P9/ASM.srcs/constrs_1/new/Nexys4DDR_labremoto.xdc:42]
Resolution: If [get_<value>] was used to populate the object, check to make sure this command returns at least one valid object.
WARNING: [Vivado 12-584] No ports matched 'n'. [C:/Users/mara0/Documents/ESCOM6/PracticasArquitectura/arquitectura/P9/ASM.srcs/constrs_1/new/Nexys4DDR_labremoto.xdc:43]
CRITICAL WARNING: [Common 17-55] 'set_property' expects at least one object. [C:/Users/mara0/Documents/ESCOM6/PracticasArquitectura/arquitectura/P9/ASM.srcs/constrs_1/new/Nexys4DDR_labremoto.xdc:43]
Resolution: If [get_<value>] was used to populate the object, check to make sure this command returns at least one valid object.
WARNING: [Vivado 12-584] No ports matched 'ov'. [C:/Users/mara0/Documents/ESCOM6/PracticasArquitectura/arquitectura/P9/ASM.srcs/constrs_1/new/Nexys4DDR_labremoto.xdc:44]
CRITICAL WARNING: [Common 17-55] 'set_property' expects at least one object. [C:/Users/mara0/Documents/ESCOM6/PracticasArquitectura/arquitectura/P9/ASM.srcs/constrs_1/new/Nexys4DDR_labremoto.xdc:44]
Resolution: If [get_<value>] was used to populate the object, check to make sure this command returns at least one valid object.
WARNING: [Vivado 12-584] No ports matched 'co'. [C:/Users/mara0/Documents/ESCOM6/PracticasArquitectura/arquitectura/P9/ASM.srcs/constrs_1/new/Nexys4DDR_labremoto.xdc:48]
CRITICAL WARNING: [Common 17-55] 'set_property' expects at least one object. [C:/Users/mara0/Documents/ESCOM6/PracticasArquitectura/arquitectura/P9/ASM.srcs/constrs_1/new/Nexys4DDR_labremoto.xdc:48]
Resolution: If [get_<value>] was used to populate the object, check to make sure this command returns at least one valid object.
WARNING: [Vivado 12-584] No ports matched 'a[0]'. [C:/Users/mara0/Documents/ESCOM6/PracticasArquitectura/arquitectura/P9/ASM.srcs/constrs_1/new/Nexys4DDR_labremoto.xdc:262]
CRITICAL WARNING: [Common 17-55] 'set_property' expects at least one object. [C:/Users/mara0/Documents/ESCOM6/PracticasArquitectura/arquitectura/P9/ASM.srcs/constrs_1/new/Nexys4DDR_labremoto.xdc:262]
Resolution: If [get_<value>] was used to populate the object, check to make sure this command returns at least one valid object.
WARNING: [Vivado 12-584] No ports matched 'a[1]'. [C:/Users/mara0/Documents/ESCOM6/PracticasArquitectura/arquitectura/P9/ASM.srcs/constrs_1/new/Nexys4DDR_labremoto.xdc:263]
CRITICAL WARNING: [Common 17-55] 'set_property' expects at least one object. [C:/Users/mara0/Documents/ESCOM6/PracticasArquitectura/arquitectura/P9/ASM.srcs/constrs_1/new/Nexys4DDR_labremoto.xdc:263]
Resolution: If [get_<value>] was used to populate the object, check to make sure this command returns at least one valid object.
WARNING: [Vivado 12-584] No ports matched 'a[2]'. [C:/Users/mara0/Documents/ESCOM6/PracticasArquitectura/arquitectura/P9/ASM.srcs/constrs_1/new/Nexys4DDR_labremoto.xdc:264]
CRITICAL WARNING: [Common 17-55] 'set_property' expects at least one object. [C:/Users/mara0/Documents/ESCOM6/PracticasArquitectura/arquitectura/P9/ASM.srcs/constrs_1/new/Nexys4DDR_labremoto.xdc:264]
Resolution: If [get_<value>] was used to populate the object, check to make sure this command returns at least one valid object.
WARNING: [Vivado 12-584] No ports matched 'a[3]'. [C:/Users/mara0/Documents/ESCOM6/PracticasArquitectura/arquitectura/P9/ASM.srcs/constrs_1/new/Nexys4DDR_labremoto.xdc:265]
CRITICAL WARNING: [Common 17-55] 'set_property' expects at least one object. [C:/Users/mara0/Documents/ESCOM6/PracticasArquitectura/arquitectura/P9/ASM.srcs/constrs_1/new/Nexys4DDR_labremoto.xdc:265]
Resolution: If [get_<value>] was used to populate the object, check to make sure this command returns at least one valid object.
WARNING: [Vivado 12-584] No ports matched 'b[0]'. [C:/Users/mara0/Documents/ESCOM6/PracticasArquitectura/arquitectura/P9/ASM.srcs/constrs_1/new/Nexys4DDR_labremoto.xdc:267]
CRITICAL WARNING: [Common 17-55] 'set_property' expects at least one object. [C:/Users/mara0/Documents/ESCOM6/PracticasArquitectura/arquitectura/P9/ASM.srcs/constrs_1/new/Nexys4DDR_labremoto.xdc:267]
Resolution: If [get_<value>] was used to populate the object, check to make sure this command returns at least one valid object.
WARNING: [Vivado 12-584] No ports matched 'b[1]'. [C:/Users/mara0/Documents/ESCOM6/PracticasArquitectura/arquitectura/P9/ASM.srcs/constrs_1/new/Nexys4DDR_labremoto.xdc:268]
CRITICAL WARNING: [Common 17-55] 'set_property' expects at least one object. [C:/Users/mara0/Documents/ESCOM6/PracticasArquitectura/arquitectura/P9/ASM.srcs/constrs_1/new/Nexys4DDR_labremoto.xdc:268]
Resolution: If [get_<value>] was used to populate the object, check to make sure this command returns at least one valid object.
WARNING: [Vivado 12-584] No ports matched 'b[2]'. [C:/Users/mara0/Documents/ESCOM6/PracticasArquitectura/arquitectura/P9/ASM.srcs/constrs_1/new/Nexys4DDR_labremoto.xdc:269]
CRITICAL WARNING: [Common 17-55] 'set_property' expects at least one object. [C:/Users/mara0/Documents/ESCOM6/PracticasArquitectura/arquitectura/P9/ASM.srcs/constrs_1/new/Nexys4DDR_labremoto.xdc:269]
Resolution: If [get_<value>] was used to populate the object, check to make sure this command returns at least one valid object.
WARNING: [Vivado 12-584] No ports matched 'b[3]'. [C:/Users/mara0/Documents/ESCOM6/PracticasArquitectura/arquitectura/P9/ASM.srcs/constrs_1/new/Nexys4DDR_labremoto.xdc:270]
CRITICAL WARNING: [Common 17-55] 'set_property' expects at least one object. [C:/Users/mara0/Documents/ESCOM6/PracticasArquitectura/arquitectura/P9/ASM.srcs/constrs_1/new/Nexys4DDR_labremoto.xdc:270]
Resolution: If [get_<value>] was used to populate the object, check to make sure this command returns at least one valid object.
WARNING: [Vivado 12-584] No ports matched 'aluop[0]'. [C:/Users/mara0/Documents/ESCOM6/PracticasArquitectura/arquitectura/P9/ASM.srcs/constrs_1/new/Nexys4DDR_labremoto.xdc:272]
CRITICAL WARNING: [Common 17-55] 'set_property' expects at least one object. [C:/Users/mara0/Documents/ESCOM6/PracticasArquitectura/arquitectura/P9/ASM.srcs/constrs_1/new/Nexys4DDR_labremoto.xdc:272]
Resolution: If [get_<value>] was used to populate the object, check to make sure this command returns at least one valid object.
WARNING: [Vivado 12-584] No ports matched 'aluop[1]'. [C:/Users/mara0/Documents/ESCOM6/PracticasArquitectura/arquitectura/P9/ASM.srcs/constrs_1/new/Nexys4DDR_labremoto.xdc:273]
CRITICAL WARNING: [Common 17-55] 'set_property' expects at least one object. [C:/Users/mara0/Documents/ESCOM6/PracticasArquitectura/arquitectura/P9/ASM.srcs/constrs_1/new/Nexys4DDR_labremoto.xdc:273]
Resolution: If [get_<value>] was used to populate the object, check to make sure this command returns at least one valid object.
WARNING: [Vivado 12-584] No ports matched 'aluop[2]'. [C:/Users/mara0/Documents/ESCOM6/PracticasArquitectura/arquitectura/P9/ASM.srcs/constrs_1/new/Nexys4DDR_labremoto.xdc:274]
CRITICAL WARNING: [Common 17-55] 'set_property' expects at least one object. [C:/Users/mara0/Documents/ESCOM6/PracticasArquitectura/arquitectura/P9/ASM.srcs/constrs_1/new/Nexys4DDR_labremoto.xdc:274]
Resolution: If [get_<value>] was used to populate the object, check to make sure this command returns at least one valid object.
WARNING: [Vivado 12-584] No ports matched 'aluop[3]'. [C:/Users/mara0/Documents/ESCOM6/PracticasArquitectura/arquitectura/P9/ASM.srcs/constrs_1/new/Nexys4DDR_labremoto.xdc:275]
CRITICAL WARNING: [Common 17-55] 'set_property' expects at least one object. [C:/Users/mara0/Documents/ESCOM6/PracticasArquitectura/arquitectura/P9/ASM.srcs/constrs_1/new/Nexys4DDR_labremoto.xdc:275]
Resolution: If [get_<value>] was used to populate the object, check to make sure this command returns at least one valid object.
WARNING: [Vivado 12-584] No ports matched 'cin'. [C:/Users/mara0/Documents/ESCOM6/PracticasArquitectura/arquitectura/P9/ASM.srcs/constrs_1/new/Nexys4DDR_labremoto.xdc:277]
CRITICAL WARNING: [Common 17-55] 'set_property' expects at least one object. [C:/Users/mara0/Documents/ESCOM6/PracticasArquitectura/arquitectura/P9/ASM.srcs/constrs_1/new/Nexys4DDR_labremoto.xdc:277]
Resolution: If [get_<value>] was used to populate the object, check to make sure this command returns at least one valid object.
Finished Parsing XDC File [C:/Users/mara0/Documents/ESCOM6/PracticasArquitectura/arquitectura/P9/ASM.srcs/constrs_1/new/Nexys4DDR_labremoto.xdc]
Completed Processing XDC Constraints

INFO: [Opt 31-138] Pushed 0 inverter(s) to 0 load pin(s).
refresh_design: Time (s): cpu = 00:00:12 ; elapsed = 00:00:06 . Memory (MB): peak = 1899.797 ; gain = 63.672
refresh_design
INFO: [Project 1-570] Preparing netlist for logic optimization

Processing XDC Constraints
Initializing timing engine
Parsing XDC File [C:/Users/mara0/Documents/ESCOM6/PracticasArquitectura/arquitectura/P9/ASM.srcs/constrs_1/new/Nexys4DDR_labremoto.xdc]
Finished Parsing XDC File [C:/Users/mara0/Documents/ESCOM6/PracticasArquitectura/arquitectura/P9/ASM.srcs/constrs_1/new/Nexys4DDR_labremoto.xdc]
Completed Processing XDC Constraints

INFO: [Opt 31-138] Pushed 0 inverter(s) to 0 load pin(s).
refresh_design: Time (s): cpu = 00:00:09 ; elapsed = 00:00:07 . Memory (MB): peak = 1978.309 ; gain = 0.000
refresh_design
INFO: [Project 1-570] Preparing netlist for logic optimization

Processing XDC Constraints
Initializing timing engine
Parsing XDC File [C:/Users/mara0/Documents/ESCOM6/PracticasArquitectura/arquitectura/P9/ASM.srcs/constrs_1/new/Nexys4DDR_labremoto.xdc]
Finished Parsing XDC File [C:/Users/mara0/Documents/ESCOM6/PracticasArquitectura/arquitectura/P9/ASM.srcs/constrs_1/new/Nexys4DDR_labremoto.xdc]
Completed Processing XDC Constraints

INFO: [Opt 31-138] Pushed 0 inverter(s) to 0 load pin(s).
refresh_design: Time (s): cpu = 00:00:11 ; elapsed = 00:00:06 . Memory (MB): peak = 1978.309 ; gain = 0.000
reset_run synth_1
launch_runs impl_1 -to_step write_bitstream -jobs 2
[Fri Jun  4 12:12:57 2021] Launched synth_1...
Run output will be captured here: C:/Users/mara0/Documents/ESCOM6/PracticasArquitectura/arquitectura/P9/ASM.runs/synth_1/runme.log
[Fri Jun  4 12:12:57 2021] Launched impl_1...
Run output will be captured here: C:/Users/mara0/Documents/ESCOM6/PracticasArquitectura/arquitectura/P9/ASM.runs/impl_1/runme.log
refresh_design
INFO: [Project 1-570] Preparing netlist for logic optimization

Processing XDC Constraints
Initializing timing engine
Parsing XDC File [C:/Users/mara0/Documents/ESCOM6/PracticasArquitectura/arquitectura/P9/ASM.srcs/constrs_1/new/Nexys4DDR_labremoto.xdc]
CRITICAL WARNING: [Common 17-161] Invalid option value ' PACKAGE_PIN G16   IOSTANDARD LVCMOS33 ' specified for 'objects'. [C:/Users/mara0/Documents/ESCOM6/PracticasArquitectura/arquitectura/P9/ASM.srcs/constrs_1/new/Nexys4DDR_labremoto.xdc:264]
Finished Parsing XDC File [C:/Users/mara0/Documents/ESCOM6/PracticasArquitectura/arquitectura/P9/ASM.srcs/constrs_1/new/Nexys4DDR_labremoto.xdc]
Completed Processing XDC Constraints

INFO: [Opt 31-138] Pushed 0 inverter(s) to 0 load pin(s).
refresh_design: Time (s): cpu = 00:00:09 ; elapsed = 00:00:06 . Memory (MB): peak = 2088.891 ; gain = 92.465
refresh_design
INFO: [Project 1-570] Preparing netlist for logic optimization

Processing XDC Constraints
Initializing timing engine
Parsing XDC File [C:/Users/mara0/Documents/ESCOM6/PracticasArquitectura/arquitectura/P9/ASM.srcs/constrs_1/new/Nexys4DDR_labremoto.xdc]
Finished Parsing XDC File [C:/Users/mara0/Documents/ESCOM6/PracticasArquitectura/arquitectura/P9/ASM.srcs/constrs_1/new/Nexys4DDR_labremoto.xdc]
Completed Processing XDC Constraints

INFO: [Opt 31-138] Pushed 0 inverter(s) to 0 load pin(s).
refresh_design: Time (s): cpu = 00:00:09 ; elapsed = 00:00:06 . Memory (MB): peak = 2241.301 ; gain = 0.000
refresh_design
INFO: [Project 1-570] Preparing netlist for logic optimization

Processing XDC Constraints
Initializing timing engine
Parsing XDC File [C:/Users/mara0/Documents/ESCOM6/PracticasArquitectura/arquitectura/P9/ASM.srcs/constrs_1/new/Nexys4DDR_labremoto.xdc]
Finished Parsing XDC File [C:/Users/mara0/Documents/ESCOM6/PracticasArquitectura/arquitectura/P9/ASM.srcs/constrs_1/new/Nexys4DDR_labremoto.xdc]
Completed Processing XDC Constraints

INFO: [Opt 31-138] Pushed 0 inverter(s) to 0 load pin(s).
refresh_design: Time (s): cpu = 00:00:08 ; elapsed = 00:00:06 . Memory (MB): peak = 2241.301 ; gain = 0.000
refresh_design
INFO: [Project 1-570] Preparing netlist for logic optimization

Processing XDC Constraints
Initializing timing engine
Parsing XDC File [C:/Users/mara0/Documents/ESCOM6/PracticasArquitectura/arquitectura/P9/ASM.srcs/constrs_1/new/Nexys4DDR_labremoto.xdc]
Finished Parsing XDC File [C:/Users/mara0/Documents/ESCOM6/PracticasArquitectura/arquitectura/P9/ASM.srcs/constrs_1/new/Nexys4DDR_labremoto.xdc]
Completed Processing XDC Constraints

INFO: [Opt 31-138] Pushed 0 inverter(s) to 0 load pin(s).
refresh_design: Time (s): cpu = 00:00:11 ; elapsed = 00:00:08 . Memory (MB): peak = 2302.340 ; gain = 61.039
reset_run synth_1
launch_runs impl_1 -to_step write_bitstream -jobs 2
[Fri Jun  4 13:17:51 2021] Launched synth_1...
Run output will be captured here: C:/Users/mara0/Documents/ESCOM6/PracticasArquitectura/arquitectura/P9/ASM.runs/synth_1/runme.log
[Fri Jun  4 13:17:51 2021] Launched impl_1...
Run output will be captured here: C:/Users/mara0/Documents/ESCOM6/PracticasArquitectura/arquitectura/P9/ASM.runs/impl_1/runme.log
refresh_design
INFO: [Project 1-570] Preparing netlist for logic optimization

Processing XDC Constraints
Initializing timing engine
Parsing XDC File [C:/Users/mara0/Documents/ESCOM6/PracticasArquitectura/arquitectura/P9/ASM.srcs/constrs_1/new/Nexys4DDR_labremoto.xdc]
Finished Parsing XDC File [C:/Users/mara0/Documents/ESCOM6/PracticasArquitectura/arquitectura/P9/ASM.srcs/constrs_1/new/Nexys4DDR_labremoto.xdc]
Completed Processing XDC Constraints

INFO: [Opt 31-138] Pushed 0 inverter(s) to 0 load pin(s).
refresh_design: Time (s): cpu = 00:00:08 ; elapsed = 00:00:06 . Memory (MB): peak = 2684.629 ; gain = 0.000
reset_run synth_1
launch_runs impl_1 -to_step write_bitstream -jobs 2
[Fri Jun  4 13:35:04 2021] Launched synth_1...
Run output will be captured here: C:/Users/mara0/Documents/ESCOM6/PracticasArquitectura/arquitectura/P9/ASM.runs/synth_1/runme.log
[Fri Jun  4 13:35:04 2021] Launched impl_1...
Run output will be captured here: C:/Users/mara0/Documents/ESCOM6/PracticasArquitectura/arquitectura/P9/ASM.runs/impl_1/runme.log
refresh_design
INFO: [Project 1-570] Preparing netlist for logic optimization

Processing XDC Constraints
Initializing timing engine
Parsing XDC File [C:/Users/mara0/Documents/ESCOM6/PracticasArquitectura/arquitectura/P9/ASM.srcs/constrs_1/new/Nexys4DDR_labremoto.xdc]
CRITICAL WARNING: [Common 17-161] Invalid option value ' PACKAGE_PIN G16   IOSTANDARD LVCMOS33 ' specified for 'objects'. [C:/Users/mara0/Documents/ESCOM6/PracticasArquitectura/arquitectura/P9/ASM.srcs/constrs_1/new/Nexys4DDR_labremoto.xdc:264]
Finished Parsing XDC File [C:/Users/mara0/Documents/ESCOM6/PracticasArquitectura/arquitectura/P9/ASM.srcs/constrs_1/new/Nexys4DDR_labremoto.xdc]
Completed Processing XDC Constraints

INFO: [Opt 31-138] Pushed 0 inverter(s) to 0 load pin(s).
refresh_design: Time (s): cpu = 00:00:09 ; elapsed = 00:00:07 . Memory (MB): peak = 2684.629 ; gain = 0.000
reset_run synth_1
launch_runs impl_1 -to_step write_bitstream -jobs 2
[Fri Jun  4 13:57:04 2021] Launched synth_1...
Run output will be captured here: C:/Users/mara0/Documents/ESCOM6/PracticasArquitectura/arquitectura/P9/ASM.runs/synth_1/runme.log
[Fri Jun  4 13:57:04 2021] Launched impl_1...
Run output will be captured here: C:/Users/mara0/Documents/ESCOM6/PracticasArquitectura/arquitectura/P9/ASM.runs/impl_1/runme.log
refresh_design
INFO: [Project 1-570] Preparing netlist for logic optimization

Processing XDC Constraints
Initializing timing engine
Parsing XDC File [C:/Users/mara0/Documents/ESCOM6/PracticasArquitectura/arquitectura/P9/ASM.srcs/constrs_1/new/Nexys4DDR_labremoto.xdc]
Finished Parsing XDC File [C:/Users/mara0/Documents/ESCOM6/PracticasArquitectura/arquitectura/P9/ASM.srcs/constrs_1/new/Nexys4DDR_labremoto.xdc]
Completed Processing XDC Constraints

INFO: [Opt 31-138] Pushed 0 inverter(s) to 0 load pin(s).
refresh_design: Time (s): cpu = 00:00:09 ; elapsed = 00:00:06 . Memory (MB): peak = 2684.629 ; gain = 0.000
exit
INFO: [Common 17-206] Exiting Vivado at Fri Jun  4 14:07:42 2021...
