#-----------------------------------------------------------
# Vivado v2018.3 (64-bit)
# SW Build 2405991 on Thu Dec  6 23:38:27 MST 2018
# IP Build 2404404 on Fri Dec  7 01:43:56 MST 2018
# Start of session at: Wed Jun  2 17:14:18 2021
# Process ID: 9680
# Current directory: C:/Users/Abraham/Documents/GitHub/arquitectura/P9/elementos/cartaASM/project_1
# Command line: vivado.exe -gui_launcher_event rodinguilauncherevent6424 C:\Users\Abraham\Documents\GitHub\arquitectura\P9\elementos\cartaASM\project_1\project_1.xpr
# Log file: C:/Users/Abraham/Documents/GitHub/arquitectura/P9/elementos/cartaASM/project_1/vivado.log
# Journal file: C:/Users/Abraham/Documents/GitHub/arquitectura/P9/elementos/cartaASM/project_1\vivado.jou
#-----------------------------------------------------------
start_gui
open_project C:/Users/Abraham/Documents/GitHub/arquitectura/P9/elementos/cartaASM/project_1/project_1.xpr
Scanning sources...
Finished scanning sources
INFO: [IP_Flow 19-234] Refreshing IP repositories
INFO: [IP_Flow 19-1704] No user IP repositories specified
INFO: [IP_Flow 19-2313] Loaded Vivado IP repository 'C:/Xilinx/Vivado/2018.3/data/ip'.
open_project: Time (s): cpu = 00:00:15 ; elapsed = 00:00:06 . Memory (MB): peak = 722.711 ; gain = 116.367
update_compile_order -fileset sources_1
open_run synth_1 -name synth_1
Design is defaulting to impl run constrset: constrs_1
Design is defaulting to synth run part: xc7a100tcsg324-1
INFO: [Project 1-479] Netlist was created with Vivado 2018.3
INFO: [Device 21-403] Loading part xc7a100tcsg324-1
INFO: [Project 1-570] Preparing netlist for logic optimization
INFO: [Opt 31-138] Pushed 0 inverter(s) to 0 load pin(s).
Netlist sorting complete. Time (s): cpu = 00:00:00 ; elapsed = 00:00:00 . Memory (MB): peak = 1030.551 ; gain = 0.000
INFO: [Project 1-111] Unisim Transformation Summary:
No Unisim elements were transformed.

open_run: Time (s): cpu = 00:00:18 ; elapsed = 00:00:10 . Memory (MB): peak = 1159.285 ; gain = 365.008
exit
INFO: [Common 17-206] Exiting Vivado at Wed Jun  2 17:17:49 2021...
