#-----------------------------------------------------------
# Vivado v2018.3 (64-bit)
# SW Build 2405991 on Thu Dec  6 23:38:27 MST 2018
# IP Build 2404404 on Fri Dec  7 01:43:56 MST 2018
# Start of session at: Fri Jun  4 10:02:06 2021
# Process ID: 5320
# Current directory: C:/Users/mara0/Documents/ESCOM6/PracticasArquitectura/arquitectura/P4/ALU4B
# Command line: vivado.exe -gui_launcher_event rodinguilauncherevent9032 C:\Users\mara0\Documents\ESCOM6\PracticasArquitectura\arquitectura\P4\ALU4B\ALU4B.xpr
# Log file: C:/Users/mara0/Documents/ESCOM6/PracticasArquitectura/arquitectura/P4/ALU4B/vivado.log
# Journal file: C:/Users/mara0/Documents/ESCOM6/PracticasArquitectura/arquitectura/P4/ALU4B\vivado.jou
#-----------------------------------------------------------
start_gui
open_project C:/Users/mara0/Documents/ESCOM6/PracticasArquitectura/arquitectura/P4/ALU4B/ALU4B.xpr
INFO: [Project 1-313] Project file moved from 'D:/Documents/PracticasArqui/arquitectura/P4/ALU4B' since last save.
Scanning sources...
Finished scanning sources
INFO: [IP_Flow 19-234] Refreshing IP repositories
INFO: [IP_Flow 19-1704] No user IP repositories specified
INFO: [IP_Flow 19-2313] Loaded Vivado IP repository 'C:/Xilinx/Vivado/2018.3/data/ip'.
open_project: Time (s): cpu = 00:00:20 ; elapsed = 00:00:18 . Memory (MB): peak = 637.137 ; gain = 79.387
update_compile_order -fileset sources_1
reset_run synth_1
launch_runs impl_1 -to_step write_bitstream -jobs 2
[Fri Jun  4 14:43:05 2021] Launched synth_1...
Run output will be captured here: C:/Users/mara0/Documents/ESCOM6/PracticasArquitectura/arquitectura/P4/ALU4B/ALU4B.runs/synth_1/runme.log
[Fri Jun  4 14:43:05 2021] Launched impl_1...
Run output will be captured here: C:/Users/mara0/Documents/ESCOM6/PracticasArquitectura/arquitectura/P4/ALU4B/ALU4B.runs/impl_1/runme.log
reset_run impl_1
exit
INFO: [Common 17-206] Exiting Vivado at Fri Jun  4 14:46:09 2021...
